2022-05-30 09:57:22 [127.0.0.1][-][cfb3t87vmkt70nndhj7ekaeq8eiccqc0][error][Error] Error: Class 'app\models\User' not found in C:\OpenServer\domains\IS\basic\vendor\yiisoft\yii2\web\User.php:697
Stack trace:
#0 C:\OpenServer\domains\IS\basic\vendor\yiisoft\yii2\web\User.php(198): yii\web\User->renewAuthStatus()
#1 C:\OpenServer\domains\IS\basic\vendor\yiisoft\yii2\web\User.php(366): yii\web\User->getIdentity()
#2 C:\OpenServer\domains\IS\basic\vendor\yiisoft\yii2\base\Component.php(139): yii\web\User->getIsGuest()
#3 C:\OpenServer\domains\IS\basic\vendor\yiisoft\yii2-debug\src\panels\UserPanel.php(83): yii\base\Component->__get('isGuest')
#4 C:\OpenServer\domains\IS\basic\vendor\yiisoft\yii2\base\BaseObject.php(109): yii\debug\panels\UserPanel->init()
#5 [internal function]: yii\base\BaseObject->__construct(Array)
#6 C:\OpenServer\domains\IS\basic\vendor\yiisoft\yii2\di\Container.php(419): ReflectionClass->newInstanceArgs(Array)
#7 C:\OpenServer\domains\IS\basic\vendor\yiisoft\yii2\di\Container.php(170): yii\di\Container->build('yii\\debug\\panel...', Array, Array)
#8 C:\OpenServer\domains\IS\basic\vendor\yiisoft\yii2\BaseYii.php(365): yii\di\Container->get('yii\\debug\\panel...', Array, Array)
#9 C:\OpenServer\domains\IS\basic\vendor\yiisoft\yii2-debug\src\Module.php(255): yii\BaseYii::createObject(Array)
#10 C:\OpenServer\domains\IS\basic\vendor\yiisoft\yii2-debug\src\Module.php(226): yii\debug\Module->initPanels()
#11 C:\OpenServer\domains\IS\basic\vendor\yiisoft\yii2\base\BaseObject.php(109): yii\debug\Module->init()
#12 C:\OpenServer\domains\IS\basic\vendor\yiisoft\yii2\base\Module.php(161): yii\base\BaseObject->__construct(Array)
#13 [internal function]: yii\base\Module->__construct('debug', Object(yii\web\Application), Array)
#14 C:\OpenServer\domains\IS\basic\vendor\yiisoft\yii2\di\Container.php(411): ReflectionClass->newInstanceArgs(Array)
#15 C:\OpenServer\domains\IS\basic\vendor\yiisoft\yii2\di\Container.php(170): yii\di\Container->build('yii\\debug\\Modul...', Array, Array)
#16 C:\OpenServer\domains\IS\basic\vendor\yiisoft\yii2\BaseYii.php(365): yii\di\Container->get('yii\\debug\\Modul...', Array, Array)
#17 C:\OpenServer\domains\IS\basic\vendor\yiisoft\yii2\base\Module.php(445): yii\BaseYii::createObject(Array, Array)
#18 C:\OpenServer\domains\IS\basic\vendor\yiisoft\yii2\base\Application.php(313): yii\base\Module->getModule('debug')
#19 C:\OpenServer\domains\IS\basic\vendor\yiisoft\yii2\web\Application.php(69): yii\base\Application->bootstrap()
#20 C:\OpenServer\domains\IS\basic\vendor\yiisoft\yii2\base\Application.php(271): yii\web\Application->bootstrap()
#21 C:\OpenServer\domains\IS\basic\vendor\yiisoft\yii2\base\BaseObject.php(109): yii\base\Application->init()
#22 C:\OpenServer\domains\IS\basic\vendor\yiisoft\yii2\base\Application.php(204): yii\base\BaseObject->__construct(Array)
#23 C:\OpenServer\domains\IS\basic\web\index.php(12): yii\base\Application->__construct(Array)
#24 {main}
2022-05-30 09:57:22 [127.0.0.1][-][cfb3t87vmkt70nndhj7ekaeq8eiccqc0][info][application] $_GET = []

$_POST = []

$_FILES = []

$_COOKIE = [
    'PHPSESSID' => 'cfb3t87vmkt70nndhj7ekaeq8eiccqc0'
    '_identity' => '01df6b8e1e7cef8910240f29a8bfcaa542431a93619300d02f98974ec4f3dd00a:2:{i:0;s:9:\"_identity\";i:1;s:17:\"[24,null,2592000]\";}'
    '_csrf' => '77cd04621c82f463a2cfac21f84b1428ea5656a1ff9c6a48eee69f9b262afadaa:2:{i:0;s:5:\"_csrf\";i:1;s:32:\"PcerZw_lU5XIm-fIqx28MwwgSIYxILKt\";}'
]

$_SESSION = [
    '__flash' => []
    '__id' => 24
    '__authKey' => null
]

$_SERVER = [
    'HTTP_HOST' => 'is'
    'HTTP_CONNECTION' => 'keep-alive'
    'HTTP_UPGRADE_INSECURE_REQUESTS' => '1'
    'HTTP_USER_AGENT' => 'Mozilla/5.0 (Windows NT 10.0; WOW64) AppleWebKit/537.36 (KHTML, like Gecko) Chrome/101.0.4951.67 Safari/537.36'
    'HTTP_ACCEPT' => 'text/html,application/xhtml+xml,application/xml;q=0.9,image/avif,image/webp,image/apng,*/*;q=0.8,application/signed-exchange;v=b3;q=0.9'
    'HTTP_REFERER' => 'http://is/basic/'
    'HTTP_ACCEPT_ENCODING' => 'gzip, deflate'
    'HTTP_ACCEPT_LANGUAGE' => 'ru-RU,ru;q=0.9,en-US;q=0.8,en;q=0.7'
    'HTTP_COOKIE' => 'PHPSESSID=cfb3t87vmkt70nndhj7ekaeq8eiccqc0; _identity=01df6b8e1e7cef8910240f29a8bfcaa542431a93619300d02f98974ec4f3dd00a%3A2%3A%7Bi%3A0%3Bs%3A9%3A%22_identity%22%3Bi%3A1%3Bs%3A17%3A%22%5B24%2Cnull%2C2592000%5D%22%3B%7D; _csrf=77cd04621c82f463a2cfac21f84b1428ea5656a1ff9c6a48eee69f9b262afadaa%3A2%3A%7Bi%3A0%3Bs%3A5%3A%22_csrf%22%3Bi%3A1%3Bs%3A32%3A%22PcerZw_lU5XIm-fIqx28MwwgSIYxILKt%22%3B%7D'
    'PATH' => 'c:\\openserver\\modules\\php\\PHP_7.2\\ext;c:\\openserver\\modules\\php\\PHP_7.2\\pear;c:\\openserver\\modules\\php\\PHP_7.2\\pear\\bin;c:\\openserver\\modules\\php\\PHP_7.2;c:\\openserver\\modules\\wget\\bin;c:\\openserver\\modules\\http\\Apache_2.4-PHP_7.0-7.1\\bin;c:\\openserver\\modules\\http\\Apache_2.4-PHP_7.0-7.1;C:\\Windows\\system32;C:\\Windows;C:\\Windows\\system32\\Wbem;C:\\Windows\\SysWOW64'
    'SystemRoot' => 'C:\\Windows'
    'COMSPEC' => 'C:\\Windows\\system32\\cmd.exe'
    'PATHEXT' => '.COM;.EXE;.BAT;.CMD;.VBS;.VBE;.JS;.JSE;.WSF;.WSH;.MSC'
    'WINDIR' => 'C:\\Windows'
    'SERVER_SIGNATURE' => ''
    'SERVER_SOFTWARE' => 'Apache'
    'SERVER_NAME' => 'is'
    'SERVER_ADDR' => '127.0.0.1'
    'SERVER_PORT' => '80'
    'REMOTE_ADDR' => '127.0.0.1'
    'DOCUMENT_ROOT' => 'C:/OpenServer/domains/IS'
    'REQUEST_SCHEME' => 'http'
    'CONTEXT_PREFIX' => ''
    'CONTEXT_DOCUMENT_ROOT' => 'C:/OpenServer/domains/IS'
    'SERVER_ADMIN' => '[no address given]'
    'SCRIPT_FILENAME' => 'C:/OpenServer/domains/IS/basic/web/index.php'
    'REMOTE_PORT' => '49493'
    'GATEWAY_INTERFACE' => 'CGI/1.1'
    'SERVER_PROTOCOL' => 'HTTP/1.1'
    'REQUEST_METHOD' => 'GET'
    'QUERY_STRING' => ''
    'REQUEST_URI' => '/basic/web/'
    'SCRIPT_NAME' => '/basic/web/index.php'
    'PHP_SELF' => '/basic/web/index.php'
    'REQUEST_TIME_FLOAT' => 1653893842.246
    'REQUEST_TIME' => 1653893842
]
